<?xml version="1.0" encoding="UTF-8"?>
<!-- Generated by org.testng.reporters.JUnitXMLReporter -->
<testsuite hostname="GreensTech-PC" ignored="0" name="Default test" tests="3" failures="0" timestamp="15 Apr 2021 06:23:51 GMT" time="15.357" errors="0">
  <testcase name="launch" time="11.895" classname="org.test.Facebook"/>
  <testcase name="launch" time="12.929" classname="org.test.Facebook"/>
  <testcase name="launch" time="15.264" classname="org.test.Facebook"/>
</testsuite> <!-- Default test -->
